        -:    0:Source:/home/noureddine/CLionProjects/Vecteur3D/main.cpp
        -:    0:Graph:/home/noureddine/CLionProjects/Vecteur3D/cmake-build-debug-coverage/CMakeFiles/Vecteur3D.dir/main.cpp.gcno
        -:    0:Data:/home/noureddine/CLionProjects/Vecteur3D/cmake-build-debug-coverage/CMakeFiles/Vecteur3D.dir/main.cpp.gcda
        -:    0:Runs:1
        -:    1:#include <iostream>
        -:    2:#include "Vecteur3D.h"
function main called 1 returned 100% blocks executed 100%
        1:    3:int main() {
        1:    4:    Vecteur3d <int> v(1,2,3);
        1:    4-block  0
call    0 returned 1
        1:    5:    v.afficher();
call    0 returned 1
branch  1 taken 1 (fallthrough)
branch  2 taken 0 (throw)
        1:    6:    std::cout << "Hello, World!" << std::endl;
        1:    6-block  0
call    0 returned 1
branch  1 taken 1 (fallthrough)
branch  2 taken 0 (throw)
        1:    6-block  1
call    3 returned 1
branch  4 taken 1 (fallthrough)
branch  5 taken 0 (throw)
        1:    7:    return 0;
        1:    7-block  0
        -:    8:}
